2020-05-28 19:57:35 DEBUG CryptSimple:17 - Starting CryptSimple...
2020-05-28 20:02:56 DEBUG CryptSimple:17 - Starting CryptSimple...
2020-05-28 20:03:13 DEBUG CryptSimple:17 - Starting CryptSimple...
2020-05-28 20:21:24 DEBUG CryptSimple:17 - Starting CryptSimple...
2020-05-28 20:24:46 DEBUG CryptSimple:17 - Starting CryptSimple...
2020-05-28 20:27:13 DEBUG CryptSimple:17 - Starting CryptSimple...
2020-05-28 20:31:27 DEBUG CryptSimple:17 - Starting CryptSimple...
2020-05-28 20:31:46 DEBUG CryptSimple:17 - Starting CryptSimple...
2020-05-28 20:32:05 DEBUG CryptSimple:17 - Starting CryptSimple...
2020-05-28 20:56:29 DEBUG CryptSimple:17 - Starting CryptSimple...
2020-05-28 20:57:13 DEBUG CryptSimple:17 - Starting CryptSimple...
2020-05-28 21:02:05 DEBUG CryptSimple:17 - Starting CryptSimple...
2020-05-28 21:02:26 DEBUG MainController:78 - Encrypting Initiated...
2020-05-28 21:02:26 ERROR MainController:91 - Error getting key java.lang.NullPointerException
2020-05-28 21:04:17 DEBUG CryptSimple:17 - Starting CryptSimple...
2020-05-28 21:04:24 DEBUG MainController:68 - Key Size: 0
2020-05-28 21:04:39 DEBUG MainController:68 - Key Size: 16
2020-05-28 21:04:39 DEBUG MainController:79 - Encrypting Initiated...
2020-05-28 21:04:40 ERROR MainController:92 - Error getting key java.lang.NullPointerException
2020-05-28 21:09:04 DEBUG CryptSimple:17 - Starting CryptSimple...
2020-05-28 21:09:15 DEBUG MainController:68 - Key Size: 16
2020-05-28 21:09:15 DEBUG MainController:76 - Key : 5598628760936199
2020-05-28 21:09:15 DEBUG MainController:81 - Encrypting Initiated...
2020-05-28 21:09:15 ERROR MainController:94 - Error getting key java.lang.NullPointerException
2020-05-28 21:10:08 DEBUG CryptSimple:17 - Starting CryptSimple...
2020-05-28 21:10:18 DEBUG MainController:68 - Key Size: 16
2020-05-28 21:10:18 DEBUG MainController:76 - Key : 5598628760936199
2020-05-28 21:10:52 DEBUG MainController:81 - Encrypting Initiated...
2020-05-28 21:12:14 DEBUG CryptSimple:17 - Starting CryptSimple...
2020-05-28 21:12:18 DEBUG MainController:68 - Key Size: 0
2020-05-28 21:12:29 DEBUG MainController:68 - Key Size: 16
2020-05-28 21:12:29 DEBUG MainController:76 - Key : 5598628760936199
2020-05-28 21:12:29 DEBUG MainController:81 - Encrypting Initiated...
2020-05-28 21:12:30 ERROR MainController:94 - Error getting key java.lang.NullPointerException
2020-05-28 21:12:41 DEBUG CryptSimple:17 - Starting CryptSimple...
2020-05-28 21:12:51 DEBUG MainController:68 - Key Size: 16
2020-05-28 21:12:51 DEBUG MainController:76 - Key : 5598628760936199
2020-05-28 21:12:56 DEBUG MainController:81 - Encrypting Initiated...
2020-05-28 21:13:42 ERROR MainController:94 - Error getting key java.lang.NullPointerException
2020-05-28 21:14:06 DEBUG CryptSimple:17 - Starting CryptSimple...
2020-05-28 21:14:18 DEBUG MainController:68 - Key Size: 16
2020-05-28 21:14:18 DEBUG MainController:76 - Key : 5598628760936199
2020-05-28 21:14:27 DEBUG MainController:81 - Encrypting Initiated...
2020-05-28 21:14:35 ERROR MainController:94 - Error getting key java.lang.NullPointerException
2020-05-28 21:15:29 DEBUG CryptSimple:17 - Starting CryptSimple...
2020-05-28 21:15:39 DEBUG MainController:68 - Key Size: 16
2020-05-28 21:15:39 DEBUG MainController:76 - Key : 5598628760936199
2020-05-28 21:15:39 DEBUG MainController:81 - Encrypting Initiated...
2020-05-28 21:15:39 ERROR MainController:95 - Error getting key java.lang.NullPointerException
2020-05-28 21:17:26 DEBUG CryptSimple:17 - Starting CryptSimple...
2020-05-28 21:17:36 DEBUG MainController:68 - Key Size: 16
2020-05-28 21:17:36 DEBUG MainController:76 - Key : 5598628760936199
2020-05-28 21:17:36 DEBUG MainController:81 - Encrypting Initiated...
2020-05-28 21:17:36 DEBUG Crypto:88 - Input File Deleted
2020-05-28 21:17:36 DEBUG MainController:110 - Encryption Complete /Users/jesse/Documents/debt_killer_v3 copy.xlsx
2020-05-28 21:17:50 DEBUG MainController:68 - Key Size: 16
2020-05-28 21:17:50 DEBUG MainController:76 - Key : 5598628760936199
2020-05-28 21:17:50 DEBUG MainController:86 - Decryption started...
2020-05-28 21:17:50 DEBUG Crypto:88 - Input File Deleted
2020-05-28 21:17:50 DEBUG MainController:107 - Decryption Complete /Users/jesse/Documents/debt_killer_v3 copy.xlsx.SE
2020-05-28 21:18:12 DEBUG MainController:68 - Key Size: 16
2020-05-28 21:18:12 DEBUG MainController:76 - Key : 5598628760936199
2020-05-28 21:18:12 DEBUG MainController:86 - Decryption started...
2020-05-28 21:18:12 DEBUG Crypto:88 - Input File Deleted
2020-05-28 21:18:12 DEBUG MainController:107 - Decryption Complete /Users/jesse/Dropbox/other/eQIP/eQIP_copy_09052019.pdf.SE
2020-05-28 21:18:28 DEBUG MainController:68 - Key Size: 16
2020-05-28 21:18:28 DEBUG MainController:76 - Key : 5598628760936199
2020-05-28 21:18:28 DEBUG MainController:81 - Encrypting Initiated...
2020-05-28 21:18:28 DEBUG Crypto:88 - Input File Deleted
2020-05-28 21:18:28 DEBUG MainController:110 - Encryption Complete /Users/jesse/Dropbox/other/eQIP/eQIP_copy_09052019.pdf
2020-05-28 21:18:35 DEBUG MainController:68 - Key Size: 16
2020-05-28 21:18:35 DEBUG MainController:76 - Key : 5598628760936199
2020-05-28 21:18:35 DEBUG MainController:81 - Encrypting Initiated...
2020-05-28 21:18:35 DEBUG Crypto:88 - Input File Deleted
2020-05-28 21:18:35 DEBUG MainController:110 - Encryption Complete /Users/jesse/Dropbox/other/jesus_hernandez_Mil_Records.zip
2020-05-28 21:18:39 DEBUG MainController:68 - Key Size: 16
2020-05-28 21:18:39 DEBUG MainController:76 - Key : 5598628760936199
2020-05-28 21:18:39 DEBUG MainController:81 - Encrypting Initiated...
2020-05-28 21:18:39 DEBUG Crypto:88 - Input File Deleted
2020-05-28 21:18:39 DEBUG MainController:110 - Encryption Complete /Users/jesse/Dropbox/other/jhernandez_credit_report_experian.ngpdf
2020-05-28 21:18:42 DEBUG MainController:68 - Key Size: 16
2020-05-28 21:18:42 DEBUG MainController:76 - Key : 5598628760936199
2020-05-28 21:18:42 DEBUG MainController:81 - Encrypting Initiated...
2020-05-28 21:18:42 DEBUG Crypto:88 - Input File Deleted
2020-05-28 21:18:42 DEBUG MainController:110 - Encryption Complete /Users/jesse/Dropbox/other/jhernandez_credit_report_transunion.ngpdf
2020-05-28 21:18:45 DEBUG MainController:68 - Key Size: 16
2020-05-28 21:18:45 DEBUG MainController:76 - Key : 5598628760936199
2020-05-28 21:18:45 DEBUG MainController:81 - Encrypting Initiated...
2020-05-28 21:18:45 DEBUG Crypto:88 - Input File Deleted
2020-05-28 21:18:45 DEBUG MainController:110 - Encryption Complete /Users/jesse/Dropbox/other/Medallion Completion Certificate.pdf
2020-05-28 21:19:04 DEBUG MainController:68 - Key Size: 16
2020-05-28 21:19:04 DEBUG MainController:76 - Key : 5598628760936199
2020-05-28 21:19:04 DEBUG MainController:81 - Encrypting Initiated...
2020-05-28 21:19:04 DEBUG Crypto:88 - Input File Deleted
2020-05-28 21:19:04 DEBUG MainController:110 - Encryption Complete /Users/jesse/Dropbox/other/sarahi_experian_credit_report.pdf
2020-05-28 21:19:25 DEBUG MainController:68 - Key Size: 16
2020-05-28 21:19:25 DEBUG MainController:76 - Key : 5598628760936199
2020-05-28 21:19:25 DEBUG MainController:81 - Encrypting Initiated...
2020-05-28 21:19:25 DEBUG Crypto:88 - Input File Deleted
2020-05-28 21:19:25 DEBUG MainController:110 - Encryption Complete /Users/jesse/Dropbox/other/CreditReport/jhernandez_credit_report_experian.pdf
2020-05-28 21:19:27 DEBUG MainController:68 - Key Size: 16
2020-05-28 21:19:27 DEBUG MainController:76 - Key : 5598628760936199
2020-05-28 21:19:27 DEBUG MainController:81 - Encrypting Initiated...
2020-05-28 21:19:27 DEBUG Crypto:88 - Input File Deleted
2020-05-28 21:19:27 DEBUG MainController:110 - Encryption Complete /Users/jesse/Dropbox/other/CreditReport/jhernandez_credit_report_transunion.pdf
2020-05-28 21:20:25 DEBUG MainController:68 - Key Size: 16
2020-05-28 21:20:25 DEBUG MainController:76 - Key : 5598628760936199
2020-05-28 21:20:25 DEBUG MainController:81 - Encrypting Initiated...
2020-05-28 21:20:25 DEBUG Crypto:88 - Input File Deleted
2020-05-28 21:20:25 DEBUG MainController:110 - Encryption Complete /Users/jesse/Dropbox/HomeDocuments/solar_quote_signed_03182019.pdf
2020-05-28 21:20:28 DEBUG MainController:68 - Key Size: 16
2020-05-28 21:20:28 DEBUG MainController:76 - Key : 5598628760936199
2020-05-28 21:20:28 DEBUG MainController:81 - Encrypting Initiated...
2020-05-28 21:20:28 DEBUG Crypto:88 - Input File Deleted
2020-05-28 21:20:28 DEBUG MainController:110 - Encryption Complete /Users/jesse/Dropbox/HomeDocuments/holiday_pool_proposal.pdf
2020-05-29 12:22:32 DEBUG CryptSimple:17 - Starting CryptSimple...
2020-05-29 12:23:17 DEBUG MainController:68 - Key Size: 16
2020-05-29 12:23:17 DEBUG MainController:76 - Key : 5598628760936199
2020-05-29 12:23:17 DEBUG MainController:81 - Encrypting Initiated...
2020-05-29 12:23:18 ERROR Crypto:63 - Invalid Key java.security.InvalidKeyException: Wrong algorithm: AES or Rijndael required
2020-05-29 12:24:30 DEBUG CryptSimple:17 - Starting CryptSimple...
2020-05-29 12:25:05 DEBUG MainController:68 - Key Size: 16
2020-05-29 12:25:05 DEBUG MainController:76 - Key : 5598628760936199
2020-05-29 12:25:05 DEBUG MainController:81 - Encrypting Initiated...
2020-05-29 12:25:06 DEBUG Crypto:88 - Input File Deleted
2020-05-29 12:25:06 DEBUG MainController:110 - Encryption Complete /Users/jesse/Downloads/IC-Project-Tracking-Template-8640-V1.xlsx
2020-05-29 12:25:21 DEBUG MainController:68 - Key Size: 16
2020-05-29 12:25:21 DEBUG MainController:76 - Key : 5598628760936199
2020-05-29 12:25:21 DEBUG MainController:86 - Decryption started...
2020-05-29 12:25:21 DEBUG Crypto:88 - Input File Deleted
2020-05-29 12:25:21 DEBUG MainController:107 - Decryption Complete /Users/jesse/Downloads/IC-Project-Tracking-Template-8640-V1.xlsx.SE
2020-05-29 12:25:37 DEBUG MainController:68 - Key Size: 16
2020-05-29 12:25:37 DEBUG MainController:76 - Key : 5598628760936199
2020-05-29 12:25:37 DEBUG MainController:86 - Decryption started...
2020-05-29 12:25:37 DEBUG Crypto:88 - Input File Deleted
2020-05-29 12:25:37 DEBUG MainController:107 - Decryption Complete /Users/jesse/Dropbox/other/sarahi_experian_credit_report.pdf.SE
2020-05-29 12:25:47 DEBUG MainController:68 - Key Size: 16
2020-05-29 12:25:47 DEBUG MainController:76 - Key : 5598628760936199
2020-05-29 12:25:47 DEBUG MainController:81 - Encrypting Initiated...
2020-05-29 12:25:47 DEBUG Crypto:88 - Input File Deleted
2020-05-29 12:25:47 DEBUG MainController:110 - Encryption Complete /Users/jesse/Dropbox/other/sarahi_experian_credit_report.pdf
